-------------------------------------------------------------------------------
Test set: BurgerParametrizedTest
-------------------------------------------------------------------------------
Tests run: 1, Failures: 0, Errors: 1, Skipped: 0, Time elapsed: 0.008 s <<< FAILURE! - in BurgerParametrizedTest
BurgerParametrizedTest.initializationError  Time elapsed: 0.004 s  <<< ERROR!
org.junit.runners.model.InvalidTestClassError: 
Invalid test class 'BurgerParametrizedTest':
  1. No runnable methods
	at org.junit.runners.ParentRunner.validate(ParentRunner.java:525)
	at org.junit.runners.ParentRunner.<init>(ParentRunner.java:102)
	at org.junit.runners.BlockJUnit4ClassRunner.<init>(BlockJUnit4ClassRunner.java:84)
	at org.junit.runners.parameterized.BlockJUnit4ClassRunnerWithParameters.<init>(BlockJUnit4ClassRunnerWithParameters.java:35)
	at org.junit.runners.parameterized.BlockJUnit4ClassRunnerWithParametersFactory.createRunnerForTestWithParameters(BlockJUnit4ClassRunnerWithParametersFactory.java:16)
	at org.junit.runners.Parameterized$RunnersFactory.createRunnersForParameters(Parameterized.java:463)
	at org.junit.runners.Parameterized$RunnersFactory.createRunners(Parameterized.java:392)
	at org.junit.runners.Parameterized$RunnersFactory.access$100(Parameterized.java:360)
	at org.junit.runners.Parameterized.<init>(Parameterized.java:307)
	at org.junit.runners.Parameterized.<init>(Parameterized.java:303)
	at java.base/jdk.internal.reflect.NativeConstructorAccessorImpl.newInstance0(Native Method)
	at java.base/jdk.internal.reflect.NativeConstructorAccessorImpl.newInstance(NativeConstructorAccessorImpl.java:62)
	at java.base/jdk.internal.reflect.DelegatingConstructorAccessorImpl.newInstance(DelegatingConstructorAccessorImpl.java:45)
	at java.base/java.lang.reflect.Constructor.newInstance(Constructor.java:490)
	at org.junit.internal.builders.AnnotatedBuilder.buildRunner(AnnotatedBuilder.java:104)
	at org.junit.internal.builders.AnnotatedBuilder.runnerForClass(AnnotatedBuilder.java:86)
	at org.junit.runners.model.RunnerBuilder.safeRunnerForClass(RunnerBuilder.java:70)
	at org.junit.internal.builders.AllDefaultPossibilitiesBuilder.runnerForClass(AllDefaultPossibilitiesBuilder.java:37)
	at org.junit.runners.model.RunnerBuilder.safeRunnerForClass(RunnerBuilder.java:70)
	at org.junit.internal.requests.ClassRequest.createRunner(ClassRequest.java:28)
	at org.junit.internal.requests.MemoizingRequest.getRunner(MemoizingRequest.java:19)
	at org.apache.maven.surefire.junit4.JUnit4Provider.execute(JUnit4Provider.java:314)
	at org.apache.maven.surefire.junit4.JUnit4Provider.executeWithRerun(JUnit4Provider.java:240)
	at org.apache.maven.surefire.junit4.JUnit4Provider.executeTestSet(JUnit4Provider.java:214)
	at org.apache.maven.surefire.junit4.JUnit4Provider.invoke(JUnit4Provider.java:155)
	at org.apache.maven.surefire.booter.ForkedBooter.runSuitesInProcess(ForkedBooter.java:385)
	at org.apache.maven.surefire.booter.ForkedBooter.execute(ForkedBooter.java:162)
	at org.apache.maven.surefire.booter.ForkedBooter.run(ForkedBooter.java:507)
	at org.apache.maven.surefire.booter.ForkedBooter.main(ForkedBooter.java:495)

